生成启动时间为 2018/11/28 13:22:21。
     1>项目“E:\C ++\11.28实验1\11.28实验1\11.28实验1.vcxproj”在节点 2 上(build 个目标)。
     1>InitializeBuildStatus:
         正在创建“Debug\11.28实验1.unsuccessfulbuild”，因为已指定“AlwaysCreate”。
       ClCompile:
         G:\Program Files (x86)\Microsoft Visual Studio 10.0\VC\bin\CL.exe /c /ZI /nologo /W3 /WX- /Od /Oy- /D WIN32 /D _DEBUG /D _CONSOLE /D _UNICODE /D UNICODE /Gm /EHsc /RTC1 /MDd /GS /fp:precise /Zc:wchar_t /Zc:forScope /Fo"Debug\\" /Fd"Debug\vc100.pdb" /Gd /TP /analyze- /errorReport:prompt 1.cpp
         1.cpp
     1>e:\c ++\11.28实验1\11.28实验1\1.cpp(7): warning C4996: 'scanf': This function or variable may be unsafe. Consider using scanf_s instead. To disable deprecation, use _CRT_SECURE_NO_WARNINGS. See online help for details.
                 g:\program files (x86)\microsoft visual studio 10.0\vc\include\stdio.h(304) : 参见“scanf”的声明
     1>e:\c ++\11.28实验1\11.28实验1\1.cpp(5): warning C4101: “answer”: 未引用的局部变量
       ManifestResourceCompile:
         所有输出均为最新。
       Link:
         G:\Program Files (x86)\Microsoft Visual Studio 10.0\VC\bin\link.exe /ERRORREPORT:PROMPT /OUT:"E:\C ++\11.28实验1\Debug\11.28实验1.exe" /INCREMENTAL /NOLOGO kernel32.lib user32.lib gdi32.lib winspool.lib comdlg32.lib advapi32.lib shell32.lib ole32.lib oleaut32.lib uuid.lib odbc32.lib odbccp32.lib /MANIFEST /ManifestFile:"Debug\11.28实验1.exe.intermediate.manifest" /MANIFESTUAC:"level='asInvoker' uiAccess='false'" /DEBUG /PDB:"E:\C ++\11.28实验1\Debug\11.28实验1.pdb" /SUBSYSTEM:CONSOLE /TLBID:1 /DYNAMICBASE /NXCOMPAT /IMPLIB:"E:\C ++\11.28实验1\Debug\11.28实验1.lib" /MACHINE:X86 "Debug\11.28实验1.exe.embed.manifest.res"
         Debug\1.obj
       Manifest:
         C:\Program Files (x86)\Microsoft SDKs\Windows\v7.0A\bin\mt.exe /nologo /verbose /out:"Debug\11.28实验1.exe.embed.manifest" /manifest "Debug\11.28实验1.exe.intermediate.manifest"
         所有输出均为最新。
       LinkEmbedManifest:
         所有输出均为最新。
         11.28实验1.vcxproj -> E:\C ++\11.28实验1\Debug\11.28实验1.exe
       FinalizeBuildStatus:
         正在删除文件“Debug\11.28实验1.unsuccessfulbuild”。
         正在对“Debug\11.28实验1.lastbuildstate”执行 Touch 任务。
     1>已完成生成项目“E:\C ++\11.28实验1\11.28实验1\11.28实验1.vcxproj”(build 个目标)的操作。

生成成功。

已用时间 00:00:01.78
